<?xml version="1.0" encoding="UTF-8"?>
<testng-results skipped="0" failed="0" ignored="0" total="1" passed="1">
  <reporter-output>
  </reporter-output>
  <suite name="Default suite" duration-ms="7167" started-at="2020-04-19T17:25:17Z" finished-at="2020-04-19T17:25:25Z">
    <groups>
    </groups>
    <test name="Default test" duration-ms="7167" started-at="2020-04-19T17:25:17Z" finished-at="2020-04-19T17:25:25Z">
      <class name="PayloadPackage.StaticBook">
        <test-method status="PASS" signature="addBook()[pri:0, instance:PayloadPackage.StaticBook@589838eb]" name="addBook" duration-ms="7080" started-at="2020-04-19T17:25:17Z" finished-at="2020-04-19T17:25:25Z">
          <reporter-output>
          </reporter-output>
        </test-method> <!-- addBook -->
      </class> <!-- PayloadPackage.StaticBook -->
    </test> <!-- Default test -->
  </suite> <!-- Default suite -->
</testng-results>
